# JRE version: Java(TM) SE Runtime Environment (8.0_91-b14) (build 1.8.0_91-b14)
# Java VM: Java HotSpot(TM) 64-Bit Server VM (25.91-b14 mixed mode linux-amd64 compressed oops)
Heap:
 PSYoungGen      total 1202176K, used 11576K [0x000000076c900000, 0x00000007c0000000, 0x00000007c0000000)
  eden space 1051136K, 0% used [0x000000076c900000,0x000000076c900000,0x00000007acb80000)
  from space 151040K, 7% used [0x00000007acb80000,0x00000007ad6ce070,0x00000007b5f00000)
  to   space 150528K, 0% used [0x00000007b6d00000,0x00000007b6d00000,0x00000007c0000000)
 ParOldGen       total 441344K, used 440963K [0x00000006c5a00000, 0x00000006e0900000, 0x000000076c900000)
  object space 441344K, 99% used [0x00000006c5a00000,0x00000006e08a0c20,0x00000006e0900000)
 Metaspace       used 86284K, capacity 120820K, committed 122280K, reserved 1136640K
  class space    used 23484K, capacity 34575K, committed 34984K, reserved 1048576K
GC Heap History (10 events):
Event: 1281.660 GC heap after
Heap after GC invocations=69 (full 4):
 PSYoungGen      total 1208832K, used 106021K [0x000000076c900000, 0x00000007c0000000, 0x00000007c0000000)
  eden space 1055232K, 0% used [0x000000076c900000,0x000000076c900000,0x00000007acf80000)
  from space 153600K, 69% used [0x00000007acf80000,0x00000007b37096f8,0x00000007b6580000)
  to   space 155136K, 0% used [0x00000007b6880000,0x00000007b6880000,0x00000007c0000000)
 ParOldGen       total 432640K, used 378702K [0x00000006c5a00000, 0x00000006e0080000, 0x000000076c900000)
  object space 432640K, 87% used [0x00000006c5a00000,0x00000006dcbd3990,0x00000006e0080000)
 Metaspace       used 86983K, capacity 121922K, committed 122280K, reserved 1136640K
  class space    used 23676K, capacity 34881K, committed 34984K, reserved 1048576K
}
Event: 1284.504 GC heap before
{Heap before GC invocations=70 (full 4):
 PSYoungGen      total 1208832K, used 1161253K [0x000000076c900000, 0x00000007c0000000, 0x00000007c0000000)
  eden space 1055232K, 100% used [0x000000076c900000,0x00000007acf80000,0x00000007acf80000)
  from space 153600K, 69% used [0x00000007acf80000,0x00000007b37096f8,0x00000007b6580000)
  to   space 155136K, 0% used [0x00000007b6880000,0x00000007b6880000,0x00000007c0000000)
 ParOldGen       total 432640K, used 378702K [0x00000006c5a00000, 0x00000006e0080000, 0x000000076c900000)
  object space 432640K, 87% used [0x00000006c5a00000,0x00000006dcbd3990,0x00000006e0080000)
 Metaspace       used 86983K, capacity 121922K, committed 122280K, reserved 1136640K
  class space    used 23676K, capacity 34881K, committed 34984K, reserved 1048576K
Event: 1284.664 GC heap after
Heap after GC invocations=70 (full 4):
 PSYoungGen      total 1204736K, used 112279K [0x000000076c900000, 0x00000007c0000000, 0x00000007c0000000)
  eden space 1049600K, 0% used [0x000000076c900000,0x000000076c900000,0x00000007aca00000)
  from space 155136K, 72% used [0x00000007b6880000,0x00000007bd625cf8,0x00000007c0000000)
  to   space 158720K, 0% used [0x00000007aca00000,0x00000007aca00000,0x00000007b6500000)
 ParOldGen       total 432640K, used 379446K [0x00000006c5a00000, 0x00000006e0080000, 0x000000076c900000)
  object space 432640K, 87% used [0x00000006c5a00000,0x00000006dcc8d990,0x00000006e0080000)
 Metaspace       used 86983K, capacity 121922K, committed 122280K, reserved 1136640K
  class space    used 23676K, capacity 34881K, committed 34984K, reserved 1048576K
}
Event: 1287.679 GC heap before
{Heap before GC invocations=71 (full 4):
 PSYoungGen      total 1204736K, used 1161879K [0x000000076c900000, 0x00000007c0000000, 0x00000007c0000000)
  eden space 1049600K, 100% used [0x000000076c900000,0x00000007aca00000,0x00000007aca00000)
  from space 155136K, 72% used [0x00000007b6880000,0x00000007bd625cf8,0x00000007c0000000)
  to   space 158720K, 0% used [0x00000007aca00000,0x00000007aca00000,0x00000007b6500000)
 ParOldGen       total 432640K, used 379446K [0x00000006c5a00000, 0x00000006e0080000, 0x000000076c900000)
  object space 432640K, 87% used [0x00000006c5a00000,0x00000006dcc8d990,0x00000006e0080000)
 Metaspace       used 86983K, capacity 121922K, committed 122280K, reserved 1136640K
  class space    used 23676K, capacity 34881K, committed 34984K, reserved 1048576K
Event: 1287.806 GC heap after
Heap after GC invocations=71 (full 4):
 PSYoungGen      total 1208320K, used 103033K [0x000000076c900000, 0x00000007c0000000, 0x00000007c0000000)
  eden space 1049600K, 0% used [0x000000076c900000,0x000000076c900000,0x00000007aca00000)
  from space 158720K, 64% used [0x00000007aca00000,0x00000007b2e9e598,0x00000007b6500000)
  to   space 157184K, 0% used [0x00000007b6680000,0x00000007b6680000,0x00000007c0000000)
 ParOldGen       total 432640K, used 382894K [0x00000006c5a00000, 0x00000006e0080000, 0x000000076c900000)
  object space 432640K, 88% used [0x00000006c5a00000,0x00000006dcfeb990,0x00000006e0080000)
 Metaspace       used 86983K, capacity 121922K, committed 122280K, reserved 1136640K
  class space    used 23676K, capacity 34881K, committed 34984K, reserved 1048576K
}
Event: 1290.634 GC heap before
{Heap before GC invocations=72 (full 4):
 PSYoungGen      total 1208320K, used 1152633K [0x000000076c900000, 0x00000007c0000000, 0x00000007c0000000)
  eden space 1049600K, 100% used [0x000000076c900000,0x00000007aca00000,0x00000007aca00000)
  from space 158720K, 64% used [0x00000007aca00000,0x00000007b2e9e598,0x00000007b6500000)
  to   space 157184K, 0% used [0x00000007b6680000,0x00000007b6680000,0x00000007c0000000)
 ParOldGen       total 432640K, used 382894K [0x00000006c5a00000, 0x00000006e0080000, 0x000000076c900000)
  object space 432640K, 88% used [0x00000006c5a00000,0x00000006dcfeb990,0x00000006e0080000)
 Metaspace       used 86983K, capacity 121922K, committed 122280K, reserved 1136640K
  class space    used 23676K, capacity 34881K, committed 34984K, reserved 1048576K
Event: 1290.793 GC heap after
Heap after GC invocations=72 (full 4):
 PSYoungGen      total 1194496K, used 86449K [0x000000076c900000, 0x00000007bf280000, 0x00000007c0000000)
  eden space 1051136K, 0% used [0x000000076c900000,0x000000076c900000,0x00000007acb80000)
  from space 143360K, 60% used [0x00000007b6680000,0x00000007bbaec538,0x00000007bf280000)
  to   space 151040K, 0% used [0x00000007acb80000,0x00000007acb80000,0x00000007b5f00000)
 ParOldGen       total 432640K, used 399062K [0x00000006c5a00000, 0x00000006e0080000, 0x000000076c900000)
  object space 432640K, 92% used [0x00000006c5a00000,0x00000006ddfb5a30,0x00000006e0080000)
 Metaspace       used 86983K, capacity 121922K, committed 122280K, reserved 1136640K
  class space    used 23676K, capacity 34881K, committed 34984K, reserved 1048576K
}
Event: 1310.928 GC heap before
{Heap before GC invocations=73 (full 4):
 PSYoungGen      total 1194496K, used 1137585K [0x000000076c900000, 0x00000007bf280000, 0x00000007c0000000)
  eden space 1051136K, 100% used [0x000000076c900000,0x00000007acb80000,0x00000007acb80000)
  from space 143360K, 60% used [0x00000007b6680000,0x00000007bbaec538,0x00000007bf280000)
  to   space 151040K, 0% used [0x00000007acb80000,0x00000007acb80000,0x00000007b5f00000)
 ParOldGen       total 432640K, used 399062K [0x00000006c5a00000, 0x00000006e0080000, 0x000000076c900000)
  object space 432640K, 92% used [0x00000006c5a00000,0x00000006ddfb5a30,0x00000006e0080000)
 Metaspace       used 86983K, capacity 121922K, committed 122280K, reserved 1136640K
  class space    used 23676K, capacity 34881K, committed 34984K, reserved 1048576K
Event: 1311.123 GC heap after
Heap after GC invocations=73 (full 4):
 PSYoungGen      total 1202176K, used 55292K [0x000000076c900000, 0x00000007c0000000, 0x00000007c0000000)
  eden space 1051136K, 0% used [0x000000076c900000,0x000000076c900000,0x00000007acb80000)
  from space 151040K, 36% used [0x00000007acb80000,0x00000007b017f1c8,0x00000007b5f00000)
  to   space 150528K, 0% used [0x00000007b6d00000,0x00000007b6d00000,0x00000007c0000000)
 ParOldGen       total 441344K, used 434773K [0x00000006c5a00000, 0x00000006e0900000, 0x000000076c900000)
  object space 441344K, 98% used [0x00000006c5a00000,0x00000006e0295618,0x00000006e0900000)
 Metaspace       used 86983K, capacity 121922K, committed 122280K, reserved 1136640K
  class space    used 23676K, capacity 34881K, committed 34984K, reserved 1048576K
}
Event: 1311.123 GC heap before
{Heap before GC invocations=74 (full 5):
 PSYoungGen      total 1202176K, used 55292K [0x000000076c900000, 0x00000007c0000000, 0x00000007c0000000)
  eden space 1051136K, 0% used [0x000000076c900000,0x000000076c900000,0x00000007acb80000)
  from space 151040K, 36% used [0x00000007acb80000,0x00000007b017f1c8,0x00000007b5f00000)
  to   space 150528K, 0% used [0x00000007b6d00000,0x00000007b6d00000,0x00000007c0000000)
 ParOldGen       total 441344K, used 434773K [0x00000006c5a00000, 0x00000006e0900000, 0x000000076c900000)
  object space 441344K, 98% used [0x00000006c5a00000,0x00000006e0295618,0x00000006e0900000)
 Metaspace       used 86983K, capacity 121922K, committed 122280K, reserved 1136640K
  class space    used 23676K, capacity 34881K, committed 34984K, reserved 1048576K

